# JRE version: OpenJDK Runtime Environment (8.0_152-b01) (build 1.8.0_152-release-1248-b01)
# Java VM: OpenJDK 64-Bit Server VM (25.152-b01 mixed mode windows-amd64 compressed oops)
Heap:
 PSYoungGen      total 93184K, used 34480K [0x00000000e0000000, 0x00000000ead80000, 0x0000000100000000)
  eden space 85504K, 40% used [0x00000000e0000000,0x00000000e21ac3d0,0x00000000e5380000)
  from space 7680K, 0% used [0x00000000e6780000,0x00000000e6780000,0x00000000e6f00000)
  to   space 20480K, 0% used [0x00000000e5380000,0x00000000e5380000,0x00000000e6780000)
 ParOldGen       total 152576K, used 22389K [0x00000000a0000000, 0x00000000a9500000, 0x00000000e0000000)
  object space 152576K, 14% used [0x00000000a0000000,0x00000000a15dd428,0x00000000a9500000)
 Metaspace       used 39020K, capacity 39719K, committed 40112K, reserved 1083392K
  class space    used 5075K, capacity 5274K, committed 5296K, reserved 1048576K
GC Heap History (10 events):
Event: 2.077 GC heap before
{Heap before GC invocations=5 (full 2):
 PSYoungGen      total 54784K, used 7657K [0x00000000e0000000, 0x00000000e6b00000, 0x0000000100000000)
  eden space 47104K, 0% used [0x00000000e0000000,0x00000000e0000000,0x00000000e2e00000)
  from space 7680K, 99% used [0x00000000e2e00000,0x00000000e357a5d0,0x00000000e3580000)
  to   space 7680K, 0% used [0x00000000e6380000,0x00000000e6380000,0x00000000e6b00000)
 ParOldGen       total 125952K, used 6734K [0x00000000a0000000, 0x00000000a7b00000, 0x00000000e0000000)
  object space 125952K, 5% used [0x00000000a0000000,0x00000000a0693b98,0x00000000a7b00000)
 Metaspace       used 20783K, capacity 21106K, committed 21296K, reserved 1069056K
  class space    used 2450K, capacity 2567K, committed 2608K, reserved 1048576K
Event: 2.113 GC heap after
Heap after GC invocations=5 (full 2):
 PSYoungGen      total 54784K, used 0K [0x00000000e0000000, 0x00000000e6b00000, 0x0000000100000000)
  eden space 47104K, 0% used [0x00000000e0000000,0x00000000e0000000,0x00000000e2e00000)
  from space 7680K, 0% used [0x00000000e2e00000,0x00000000e2e00000,0x00000000e3580000)
  to   space 7680K, 0% used [0x00000000e6380000,0x00000000e6380000,0x00000000e6b00000)
 ParOldGen       total 88064K, used 9768K [0x00000000a0000000, 0x00000000a5600000, 0x00000000e0000000)
  object space 88064K, 11% used [0x00000000a0000000,0x00000000a098a310,0x00000000a5600000)
 Metaspace       used 20783K, capacity 21106K, committed 21296K, reserved 1069056K
  class space    used 2450K, capacity 2567K, committed 2608K, reserved 1048576K
}
Event: 2.841 GC heap before
{Heap before GC invocations=6 (full 2):
 PSYoungGen      total 54784K, used 47104K [0x00000000e0000000, 0x00000000e6b00000, 0x0000000100000000)
  eden space 47104K, 100% used [0x00000000e0000000,0x00000000e2e00000,0x00000000e2e00000)
  from space 7680K, 0% used [0x00000000e2e00000,0x00000000e2e00000,0x00000000e3580000)
  to   space 7680K, 0% used [0x00000000e6380000,0x00000000e6380000,0x00000000e6b00000)
 ParOldGen       total 88064K, used 9768K [0x00000000a0000000, 0x00000000a5600000, 0x00000000e0000000)
  object space 88064K, 11% used [0x00000000a0000000,0x00000000a098a310,0x00000000a5600000)
 Metaspace       used 26840K, capacity 27290K, committed 27568K, reserved 1073152K
  class space    used 3510K, capacity 3641K, committed 3760K, reserved 1048576K
Event: 2.859 GC heap after
Heap after GC invocations=6 (full 2):
 PSYoungGen      total 76288K, used 7663K [0x00000000e0000000, 0x00000000e6b00000, 0x0000000100000000)
  eden space 68608K, 0% used [0x00000000e0000000,0x00000000e0000000,0x00000000e4300000)
  from space 7680K, 99% used [0x00000000e6380000,0x00000000e6afbfc0,0x00000000e6b00000)
  to   space 7680K, 0% used [0x00000000e5c00000,0x00000000e5c00000,0x00000000e6380000)
 ParOldGen       total 88064K, used 12437K [0x00000000a0000000, 0x00000000a5600000, 0x00000000e0000000)
  object space 88064K, 14% used [0x00000000a0000000,0x00000000a0c25798,0x00000000a5600000)
 Metaspace       used 26840K, capacity 27290K, committed 27568K, reserved 1073152K
  class space    used 3510K, capacity 3641K, committed 3760K, reserved 1048576K
}
Event: 4.268 GC heap before
{Heap before GC invocations=7 (full 2):
 PSYoungGen      total 76288K, used 76271K [0x00000000e0000000, 0x00000000e6b00000, 0x0000000100000000)
  eden space 68608K, 100% used [0x00000000e0000000,0x00000000e4300000,0x00000000e4300000)
  from space 7680K, 99% used [0x00000000e6380000,0x00000000e6afbfc0,0x00000000e6b00000)
  to   space 7680K, 0% used [0x00000000e5c00000,0x00000000e5c00000,0x00000000e6380000)
 ParOldGen       total 88064K, used 12437K [0x00000000a0000000, 0x00000000a5600000, 0x00000000e0000000)
  object space 88064K, 14% used [0x00000000a0000000,0x00000000a0c25798,0x00000000a5600000)
 Metaspace       used 29703K, capacity 30265K, committed 30512K, reserved 1075200K
  class space    used 3865K, capacity 4035K, committed 4144K, reserved 1048576K
Event: 4.288 GC heap after
Heap after GC invocations=7 (full 2):
 PSYoungGen      total 101888K, used 7651K [0x00000000e0000000, 0x00000000e6f00000, 0x0000000100000000)
  eden space 94208K, 0% used [0x00000000e0000000,0x00000000e0000000,0x00000000e5c00000)
  from space 7680K, 99% used [0x00000000e5c00000,0x00000000e6378fa0,0x00000000e6380000)
  to   space 7680K, 0% used [0x00000000e6780000,0x00000000e6780000,0x00000000e6f00000)
 ParOldGen       total 88064K, used 17879K [0x00000000a0000000, 0x00000000a5600000, 0x00000000e0000000)
  object space 88064K, 20% used [0x00000000a0000000,0x00000000a1175df8,0x00000000a5600000)
 Metaspace       used 29703K, capacity 30265K, committed 30512K, reserved 1075200K
  class space    used 3865K, capacity 4035K, committed 4144K, reserved 1048576K
}
Event: 5.205 GC heap before
{Heap before GC invocations=8 (full 2):
 PSYoungGen      total 101888K, used 67970K [0x00000000e0000000, 0x00000000e6f00000, 0x0000000100000000)
  eden space 94208K, 64% used [0x00000000e0000000,0x00000000e3ae7c58,0x00000000e5c00000)
  from space 7680K, 99% used [0x00000000e5c00000,0x00000000e6378fa0,0x00000000e6380000)
  to   space 7680K, 0% used [0x00000000e6780000,0x00000000e6780000,0x00000000e6f00000)
 ParOldGen       total 88064K, used 17879K [0x00000000a0000000, 0x00000000a5600000, 0x00000000e0000000)
  object space 88064K, 20% used [0x00000000a0000000,0x00000000a1175df8,0x00000000a5600000)
 Metaspace       used 34583K, capacity 35217K, committed 35496K, reserved 1081344K
  class space    used 4434K, capacity 4629K, committed 4656K, reserved 1048576K
Event: 5.227 GC heap after
Heap after GC invocations=8 (full 2):
 PSYoungGen      total 93184K, used 7674K [0x00000000e0000000, 0x00000000ead80000, 0x0000000100000000)
  eden space 85504K, 0% used [0x00000000e0000000,0x00000000e0000000,0x00000000e5380000)
  from space 7680K, 99% used [0x00000000e6780000,0x00000000e6efe9c0,0x00000000e6f00000)
  to   space 20480K, 0% used [0x00000000e5380000,0x00000000e5380000,0x00000000e6780000)
 ParOldGen       total 88064K, used 29149K [0x00000000a0000000, 0x00000000a5600000, 0x00000000e0000000)
  object space 88064K, 33% used [0x00000000a0000000,0x00000000a1c77620,0x00000000a5600000)
 Metaspace       used 34583K, capacity 35217K, committed 35496K, reserved 1081344K
  class space    used 4434K, capacity 4629K, committed 4656K, reserved 1048576K
}
Event: 5.227 GC heap before
{Heap before GC invocations=9 (full 3):
 PSYoungGen      total 93184K, used 7674K [0x00000000e0000000, 0x00000000ead80000, 0x0000000100000000)
  eden space 85504K, 0% used [0x00000000e0000000,0x00000000e0000000,0x00000000e5380000)
  from space 7680K, 99% used [0x00000000e6780000,0x00000000e6efe9c0,0x00000000e6f00000)
  to   space 20480K, 0% used [0x00000000e5380000,0x00000000e5380000,0x00000000e6780000)
 ParOldGen       total 88064K, used 29149K [0x00000000a0000000, 0x00000000a5600000, 0x00000000e0000000)
  object space 88064K, 33% used [0x00000000a0000000,0x00000000a1c77620,0x00000000a5600000)
 Metaspace       used 34583K, capacity 35217K, committed 35496K, reserved 1081344K
  class space    used 4434K, capacity 4629K, committed 4656K, reserved 1048576K
Event: 5.332 GC heap after
Heap after GC invocations=9 (full 3):
 PSYoungGen      total 93184K, used 0K [0x00000000e0000000, 0x00000000ead80000, 0x0000000100000000)
  eden space 85504K, 0% used [0x00000000e0000000,0x00000000e0000000,0x00000000e5380000)
  from space 7680K, 0% used [0x00000000e6780000,0x00000000e6780000,0x00000000e6f00000)
  to   space 20480K, 0% used [0x00000000e5380000,0x00000000e5380000,0x00000000e6780000)
 ParOldGen       total 152576K, used 22389K [0x00000000a0000000, 0x00000000a9500000, 0x00000000e0000000)
  object space 152576K, 14% used [0x00000000a0000000,0x00000000a15dd428,0x00000000a9500000)
 Metaspace       used 34583K, capacity 35217K, committed 35496K, reserved 1081344K
  class space    used 4434K, capacity 4629K, committed 4656K, reserved 1048576K
}

