# JRE version: OpenJDK Runtime Environment (8.0_152-b01) (build 1.8.0_152-release-1248-b01)
# Java VM: OpenJDK 64-Bit Server VM (25.152-b01 mixed mode windows-amd64 compressed oops)
Heap:
 PSYoungGen      total 64000K, used 20064K [0x0000000783000000, 0x000000078c400000, 0x00000007c0000000)
  eden space 56320K, 22% used [0x0000000783000000,0x0000000783c1a838,0x0000000786700000)
  from space 7680K, 99% used [0x0000000787780000,0x0000000787efdad8,0x0000000787f00000)
  to   space 16896K, 0% used [0x0000000786700000,0x0000000786700000,0x0000000787780000)
 ParOldGen       total 114688K, used 19670K [0x0000000709000000, 0x0000000710000000, 0x0000000783000000)
  object space 114688K, 17% used [0x0000000709000000,0x000000070a335a98,0x0000000710000000)
 Metaspace       used 39766K, capacity 40461K, committed 40880K, reserved 1085440K
  class space    used 5006K, capacity 5171K, committed 5296K, reserved 1048576K
GC Heap History (10 events):
Event: 2.555 GC heap before
{Heap before GC invocations=4 (full 1):
 PSYoungGen      total 54784K, used 47104K [0x0000000783000000, 0x0000000789b00000, 0x00000007c0000000)
  eden space 47104K, 100% used [0x0000000783000000,0x0000000785e00000,0x0000000785e00000)
  from space 7680K, 0% used [0x0000000786580000,0x0000000786580000,0x0000000786d00000)
  to   space 7680K, 0% used [0x0000000785e00000,0x0000000785e00000,0x0000000786580000)
 ParOldGen       total 91648K, used 10972K [0x0000000709000000, 0x000000070e980000, 0x0000000783000000)
  object space 91648K, 11% used [0x0000000709000000,0x0000000709ab7250,0x000000070e980000)
 Metaspace       used 26594K, capacity 27010K, committed 27440K, reserved 1073152K
  class space    used 3455K, capacity 3609K, committed 3632K, reserved 1048576K
Event: 2.574 GC heap after
Heap after GC invocations=4 (full 1):
 PSYoungGen      total 54784K, used 7674K [0x0000000783000000, 0x0000000787f00000, 0x00000007c0000000)
  eden space 47104K, 0% used [0x0000000783000000,0x0000000783000000,0x0000000785e00000)
  from space 7680K, 99% used [0x0000000785e00000,0x000000078657e950,0x0000000786580000)
  to   space 7680K, 0% used [0x0000000787780000,0x0000000787780000,0x0000000787f00000)
 ParOldGen       total 91648K, used 14789K [0x0000000709000000, 0x000000070e980000, 0x0000000783000000)
  object space 91648K, 16% used [0x0000000709000000,0x0000000709e71768,0x000000070e980000)
 Metaspace       used 26594K, capacity 27010K, committed 27440K, reserved 1073152K
  class space    used 3455K, capacity 3609K, committed 3632K, reserved 1048576K
}
Event: 3.715 GC heap before
{Heap before GC invocations=5 (full 1):
 PSYoungGen      total 54784K, used 54778K [0x0000000783000000, 0x0000000787f00000, 0x00000007c0000000)
  eden space 47104K, 100% used [0x0000000783000000,0x0000000785e00000,0x0000000785e00000)
  from space 7680K, 99% used [0x0000000785e00000,0x000000078657e950,0x0000000786580000)
  to   space 7680K, 0% used [0x0000000787780000,0x0000000787780000,0x0000000787f00000)
 ParOldGen       total 91648K, used 14789K [0x0000000709000000, 0x000000070e980000, 0x0000000783000000)
  object space 91648K, 16% used [0x0000000709000000,0x0000000709e71768,0x000000070e980000)
 Metaspace       used 34673K, capacity 35167K, committed 35376K, reserved 1079296K
  class space    used 4501K, capacity 4638K, committed 4656K, reserved 1048576K
Event: 3.735 GC heap after
Heap after GC invocations=5 (full 1):
 PSYoungGen      total 73216K, used 7655K [0x0000000783000000, 0x0000000787f00000, 0x00000007c0000000)
  eden space 65536K, 0% used [0x0000000783000000,0x0000000783000000,0x0000000787000000)
  from space 7680K, 99% used [0x0000000787780000,0x0000000787ef9fd8,0x0000000787f00000)
  to   space 7680K, 0% used [0x0000000787000000,0x0000000787000000,0x0000000787780000)
 ParOldGen       total 91648K, used 24947K [0x0000000709000000, 0x000000070e980000, 0x0000000783000000)
  object space 91648K, 27% used [0x0000000709000000,0x000000070a85cef0,0x000000070e980000)
 Metaspace       used 34673K, capacity 35167K, committed 35376K, reserved 1079296K
  class space    used 4501K, capacity 4638K, committed 4656K, reserved 1048576K
}
Event: 3.739 GC heap before
{Heap before GC invocations=6 (full 1):
 PSYoungGen      total 73216K, used 8939K [0x0000000783000000, 0x0000000787f00000, 0x00000007c0000000)
  eden space 65536K, 1% used [0x0000000783000000,0x0000000783140ce0,0x0000000787000000)
  from space 7680K, 99% used [0x0000000787780000,0x0000000787ef9fd8,0x0000000787f00000)
  to   space 7680K, 0% used [0x0000000787000000,0x0000000787000000,0x0000000787780000)
 ParOldGen       total 91648K, used 24947K [0x0000000709000000, 0x000000070e980000, 0x0000000783000000)
  object space 91648K, 27% used [0x0000000709000000,0x000000070a85cef0,0x000000070e980000)
 Metaspace       used 34690K, capacity 35231K, committed 35496K, reserved 1081344K
  class space    used 4504K, capacity 4638K, committed 4656K, reserved 1048576K
Event: 3.748 GC heap after
Heap after GC invocations=6 (full 1):
 PSYoungGen      total 73216K, used 7655K [0x0000000783000000, 0x0000000787f00000, 0x00000007c0000000)
  eden space 65536K, 0% used [0x0000000783000000,0x0000000783000000,0x0000000787000000)
  from space 7680K, 99% used [0x0000000787000000,0x0000000787779fd8,0x0000000787780000)
  to   space 7680K, 0% used [0x0000000787780000,0x0000000787780000,0x0000000787f00000)
 ParOldGen       total 91648K, used 24955K [0x0000000709000000, 0x000000070e980000, 0x0000000783000000)
  object space 91648K, 27% used [0x0000000709000000,0x000000070a85eef0,0x000000070e980000)
 Metaspace       used 34690K, capacity 35231K, committed 35496K, reserved 1081344K
  class space    used 4504K, capacity 4638K, committed 4656K, reserved 1048576K
}
Event: 3.748 GC heap before
{Heap before GC invocations=7 (full 2):
 PSYoungGen      total 73216K, used 7655K [0x0000000783000000, 0x0000000787f00000, 0x00000007c0000000)
  eden space 65536K, 0% used [0x0000000783000000,0x0000000783000000,0x0000000787000000)
  from space 7680K, 99% used [0x0000000787000000,0x0000000787779fd8,0x0000000787780000)
  to   space 7680K, 0% used [0x0000000787780000,0x0000000787780000,0x0000000787f00000)
 ParOldGen       total 91648K, used 24955K [0x0000000709000000, 0x000000070e980000, 0x0000000783000000)
  object space 91648K, 27% used [0x0000000709000000,0x000000070a85eef0,0x000000070e980000)
 Metaspace       used 34690K, capacity 35231K, committed 35496K, reserved 1081344K
  class space    used 4504K, capacity 4638K, committed 4656K, reserved 1048576K
Event: 3.840 GC heap after
Heap after GC invocations=7 (full 2):
 PSYoungGen      total 73216K, used 0K [0x0000000783000000, 0x0000000787f00000, 0x00000007c0000000)
  eden space 65536K, 0% used [0x0000000783000000,0x0000000783000000,0x0000000787000000)
  from space 7680K, 0% used [0x0000000787000000,0x0000000787000000,0x0000000787780000)
  to   space 7680K, 0% used [0x0000000787780000,0x0000000787780000,0x0000000787f00000)
 ParOldGen       total 114688K, used 14907K [0x0000000709000000, 0x0000000710000000, 0x0000000783000000)
  object space 114688K, 12% used [0x0000000709000000,0x0000000709e8ed90,0x0000000710000000)
 Metaspace       used 34690K, capacity 35231K, committed 35496K, reserved 1081344K
  class space    used 4504K, capacity 4638K, committed 4656K, reserved 1048576K
}
Event: 5.238 GC heap before
{Heap before GC invocations=8 (full 2):
 PSYoungGen      total 73216K, used 65536K [0x0000000783000000, 0x0000000787f00000, 0x00000007c0000000)
  eden space 65536K, 100% used [0x0000000783000000,0x0000000787000000,0x0000000787000000)
  from space 7680K, 0% used [0x0000000787000000,0x0000000787000000,0x0000000787780000)
  to   space 7680K, 0% used [0x0000000787780000,0x0000000787780000,0x0000000787f00000)
 ParOldGen       total 114688K, used 14907K [0x0000000709000000, 0x0000000710000000, 0x0000000783000000)
  object space 114688K, 12% used [0x0000000709000000,0x0000000709e8ed90,0x0000000710000000)
 Metaspace       used 38506K, capacity 39115K, committed 39344K, reserved 1083392K
  class space    used 4850K, capacity 4996K, committed 5040K, reserved 1048576K
Event: 5.251 GC heap after
Heap after GC invocations=8 (full 2):
 PSYoungGen      total 64000K, used 7670K [0x0000000783000000, 0x000000078c400000, 0x00000007c0000000)
  eden space 56320K, 0% used [0x0000000783000000,0x0000000783000000,0x0000000786700000)
  from space 7680K, 99% used [0x0000000787780000,0x0000000787efdad8,0x0000000787f00000)
  to   space 16896K, 0% used [0x0000000786700000,0x0000000786700000,0x0000000787780000)
 ParOldGen       total 114688K, used 19670K [0x0000000709000000, 0x0000000710000000, 0x0000000783000000)
  object space 114688K, 17% used [0x0000000709000000,0x000000070a335a98,0x0000000710000000)
 Metaspace       used 38506K, capacity 39115K, committed 39344K, reserved 1083392K
  class space    used 4850K, capacity 4996K, committed 5040K, reserved 1048576K
}

