# JRE version: OpenJDK Runtime Environment (8.0_152-b01) (build 1.8.0_152-release-1248-b01)
# Java VM: OpenJDK 64-Bit Server VM (25.152-b01 mixed mode windows-amd64 compressed oops)
Heap:
 PSYoungGen      total 393216K, used 155321K [0x00000000e0000000, 0x00000000fdb80000, 0x0000000100000000)
  eden space 332800K, 40% used [0x00000000e0000000,0x00000000e84ac670,0x00000000f4500000)
  from space 60416K, 32% used [0x00000000f4500000,0x00000000f5801f78,0x00000000f8000000)
  to   space 56832K, 0% used [0x00000000fa400000,0x00000000fa400000,0x00000000fdb80000)
 ParOldGen       total 313856K, used 70083K [0x00000000a0000000, 0x00000000b3280000, 0x00000000e0000000)
  object space 313856K, 22% used [0x00000000a0000000,0x00000000a4470e08,0x00000000b3280000)
 Metaspace       used 96864K, capacity 100299K, committed 100528K, reserved 1136640K
  class space    used 12203K, capacity 12915K, committed 12976K, reserved 1048576K
GC Heap History (10 events):
Event: 86.156 GC heap before
{Heap before GC invocations=17 (full 3):
 PSYoungGen      total 288256K, used 288244K [0x00000000e0000000, 0x00000000f7c00000, 0x0000000100000000)
  eden space 252928K, 100% used [0x00000000e0000000,0x00000000ef700000,0x00000000ef700000)
  from space 35328K, 99% used [0x00000000ef700000,0x00000000f197d1b0,0x00000000f1980000)
  to   space 46592K, 0% used [0x00000000f4e80000,0x00000000f4e80000,0x00000000f7c00000)
 ParOldGen       total 137728K, used 65770K [0x00000000a0000000, 0x00000000a8680000, 0x00000000e0000000)
  object space 137728K, 47% used [0x00000000a0000000,0x00000000a403ab38,0x00000000a8680000)
 Metaspace       used 91373K, capacity 94418K, committed 94512K, reserved 1132544K
  class space    used 11624K, capacity 12292K, committed 12336K, reserved 1048576K
Event: 86.239 GC heap after
Heap after GC invocations=17 (full 3):
 PSYoungGen      total 326656K, used 46572K [0x00000000e0000000, 0x00000000fa200000, 0x0000000100000000)
  eden space 280064K, 0% used [0x00000000e0000000,0x00000000e0000000,0x00000000f1180000)
  from space 46592K, 99% used [0x00000000f4e80000,0x00000000f7bfb0e0,0x00000000f7c00000)
  to   space 62464K, 0% used [0x00000000f1180000,0x00000000f1180000,0x00000000f4e80000)
 ParOldGen       total 137728K, used 89364K [0x00000000a0000000, 0x00000000a8680000, 0x00000000e0000000)
  object space 137728K, 64% used [0x00000000a0000000,0x00000000a5745288,0x00000000a8680000)
 Metaspace       used 91373K, capacity 94418K, committed 94512K, reserved 1132544K
  class space    used 11624K, capacity 12292K, committed 12336K, reserved 1048576K
}
Event: 88.549 GC heap before
{Heap before GC invocations=18 (full 3):
 PSYoungGen      total 326656K, used 284334K [0x00000000e0000000, 0x00000000fa200000, 0x0000000100000000)
  eden space 280064K, 84% used [0x00000000e0000000,0x00000000ee830a18,0x00000000f1180000)
  from space 46592K, 99% used [0x00000000f4e80000,0x00000000f7bfb0e0,0x00000000f7c00000)
  to   space 62464K, 0% used [0x00000000f1180000,0x00000000f1180000,0x00000000f4e80000)
 ParOldGen       total 137728K, used 89364K [0x00000000a0000000, 0x00000000a8680000, 0x00000000e0000000)
  object space 137728K, 64% used [0x00000000a0000000,0x00000000a5745288,0x00000000a8680000)
 Metaspace       used 95130K, capacity 98556K, committed 98600K, reserved 1134592K
  class space    used 12190K, capacity 12933K, committed 12976K, reserved 1048576K
Event: 88.582 GC heap after
Heap after GC invocations=18 (full 3):
 PSYoungGen      total 342528K, used 6227K [0x00000000e0000000, 0x00000000fbf80000, 0x0000000100000000)
  eden space 280064K, 0% used [0x00000000e0000000,0x00000000e0000000,0x00000000f1180000)
  from space 62464K, 9% used [0x00000000f1180000,0x00000000f1794ce0,0x00000000f4e80000)
  to   space 61952K, 0% used [0x00000000f8300000,0x00000000f8300000,0x00000000fbf80000)
 ParOldGen       total 137728K, used 112600K [0x00000000a0000000, 0x00000000a8680000, 0x00000000e0000000)
  object space 137728K, 81% used [0x00000000a0000000,0x00000000a6df6170,0x00000000a8680000)
 Metaspace       used 95130K, capacity 98556K, committed 98600K, reserved 1134592K
  class space    used 12190K, capacity 12933K, committed 12976K, reserved 1048576K
}
Event: 88.582 GC heap before
{Heap before GC invocations=19 (full 4):
 PSYoungGen      total 342528K, used 6227K [0x00000000e0000000, 0x00000000fbf80000, 0x0000000100000000)
  eden space 280064K, 0% used [0x00000000e0000000,0x00000000e0000000,0x00000000f1180000)
  from space 62464K, 9% used [0x00000000f1180000,0x00000000f1794ce0,0x00000000f4e80000)
  to   space 61952K, 0% used [0x00000000f8300000,0x00000000f8300000,0x00000000fbf80000)
 ParOldGen       total 137728K, used 112600K [0x00000000a0000000, 0x00000000a8680000, 0x00000000e0000000)
  object space 137728K, 81% used [0x00000000a0000000,0x00000000a6df6170,0x00000000a8680000)
 Metaspace       used 95130K, capacity 98556K, committed 98600K, reserved 1134592K
  class space    used 12190K, capacity 12933K, committed 12976K, reserved 1048576K
Event: 88.865 GC heap after
Heap after GC invocations=19 (full 4):
 PSYoungGen      total 342528K, used 0K [0x00000000e0000000, 0x00000000fbf80000, 0x0000000100000000)
  eden space 280064K, 0% used [0x00000000e0000000,0x00000000e0000000,0x00000000f1180000)
  from space 62464K, 0% used [0x00000000f1180000,0x00000000f1180000,0x00000000f4e80000)
  to   space 61952K, 0% used [0x00000000f8300000,0x00000000f8300000,0x00000000fbf80000)
 ParOldGen       total 313856K, used 70067K [0x00000000a0000000, 0x00000000b3280000, 0x00000000e0000000)
  object space 313856K, 22% used [0x00000000a0000000,0x00000000a446ce08,0x00000000b3280000)
 Metaspace       used 94998K, capacity 98194K, committed 98600K, reserved 1134592K
  class space    used 12144K, capacity 12852K, committed 12976K, reserved 1048576K
}
Event: 2312.831 GC heap before
{Heap before GC invocations=20 (full 4):
 PSYoungGen      total 342528K, used 280064K [0x00000000e0000000, 0x00000000fbf80000, 0x0000000100000000)
  eden space 280064K, 100% used [0x00000000e0000000,0x00000000f1180000,0x00000000f1180000)
  from space 62464K, 0% used [0x00000000f1180000,0x00000000f1180000,0x00000000f4e80000)
  to   space 61952K, 0% used [0x00000000f8300000,0x00000000f8300000,0x00000000fbf80000)
 ParOldGen       total 313856K, used 70067K [0x00000000a0000000, 0x00000000b3280000, 0x00000000e0000000)
  object space 313856K, 22% used [0x00000000a0000000,0x00000000a446ce08,0x00000000b3280000)
 Metaspace       used 96003K, capacity 99317K, committed 99504K, reserved 1136640K
  class space    used 12185K, capacity 12898K, committed 12976K, reserved 1048576K
Event: 2312.851 GC heap after
Heap after GC invocations=20 (full 4):
 PSYoungGen      total 390144K, used 9848K [0x00000000e0000000, 0x00000000fbb00000, 0x0000000100000000)
  eden space 332800K, 0% used [0x00000000e0000000,0x00000000e0000000,0x00000000f4500000)
  from space 57344K, 17% used [0x00000000f8300000,0x00000000f8c9e188,0x00000000fbb00000)
  to   space 60416K, 0% used [0x00000000f4500000,0x00000000f4500000,0x00000000f8000000)
 ParOldGen       total 313856K, used 70075K [0x00000000a0000000, 0x00000000b3280000, 0x00000000e0000000)
  object space 313856K, 22% used [0x00000000a0000000,0x00000000a446ee08,0x00000000b3280000)
 Metaspace       used 96003K, capacity 99317K, committed 99504K, reserved 1136640K
  class space    used 12185K, capacity 12898K, committed 12976K, reserved 1048576K
}
Event: 2316.692 GC heap before
{Heap before GC invocations=21 (full 4):
 PSYoungGen      total 390144K, used 342648K [0x00000000e0000000, 0x00000000fbb00000, 0x0000000100000000)
  eden space 332800K, 100% used [0x00000000e0000000,0x00000000f4500000,0x00000000f4500000)
  from space 57344K, 17% used [0x00000000f8300000,0x00000000f8c9e188,0x00000000fbb00000)
  to   space 60416K, 0% used [0x00000000f4500000,0x00000000f4500000,0x00000000f8000000)
 ParOldGen       total 313856K, used 70075K [0x00000000a0000000, 0x00000000b3280000, 0x00000000e0000000)
  object space 313856K, 22% used [0x00000000a0000000,0x00000000a446ee08,0x00000000b3280000)
 Metaspace       used 96406K, capacity 99777K, committed 100016K, reserved 1136640K
  class space    used 12198K, capacity 12910K, committed 12976K, reserved 1048576K
Event: 2316.729 GC heap after
Heap after GC invocations=21 (full 4):
 PSYoungGen      total 393216K, used 19463K [0x00000000e0000000, 0x00000000fdb80000, 0x0000000100000000)
  eden space 332800K, 0% used [0x00000000e0000000,0x00000000e0000000,0x00000000f4500000)
  from space 60416K, 32% used [0x00000000f4500000,0x00000000f5801f78,0x00000000f8000000)
  to   space 56832K, 0% used [0x00000000fa400000,0x00000000fa400000,0x00000000fdb80000)
 ParOldGen       total 313856K, used 70083K [0x00000000a0000000, 0x00000000b3280000, 0x00000000e0000000)
  object space 313856K, 22% used [0x00000000a0000000,0x00000000a4470e08,0x00000000b3280000)
 Metaspace       used 96406K, capacity 99777K, committed 100016K, reserved 1136640K
  class space    used 12198K, capacity 12910K, committed 12976K, reserved 1048576K
}

