# JRE version: OpenJDK Runtime Environment (8.0_152-b01) (build 1.8.0_152-release-1248-b01)
# Java VM: OpenJDK 64-Bit Server VM (25.152-b01 mixed mode windows-amd64 compressed oops)
Heap:
 PSYoungGen      total 439808K, used 229673K [0x00000000e0000000, 0x00000000ff700000, 0x0000000100000000)
  eden space 362496K, 53% used [0x00000000e0000000,0x00000000ebcf3798,0x00000000f6200000)
  from space 77312K, 46% used [0x00000000fab80000,0x00000000fced6e20,0x00000000ff700000)
  to   space 75264K, 0% used [0x00000000f6200000,0x00000000f6200000,0x00000000fab80000)
 ParOldGen       total 242688K, used 145051K [0x00000000a0000000, 0x00000000aed00000, 0x00000000e0000000)
  object space 242688K, 59% used [0x00000000a0000000,0x00000000a8da6de8,0x00000000aed00000)
 Metaspace       used 72839K, capacity 76032K, committed 76248K, reserved 1116160K
  class space    used 8425K, capacity 9097K, committed 9216K, reserved 1048576K
GC Heap History (10 events):
Event: 5001.429 GC heap before
{Heap before GC invocations=27 (full 5):
 PSYoungGen      total 425984K, used 390835K [0x00000000e0000000, 0x0000000100000000, 0x0000000100000000)
  eden space 342016K, 100% used [0x00000000e0000000,0x00000000f4e00000,0x00000000f4e00000)
  from space 83968K, 58% used [0x00000000f4e00000,0x00000000f7dacc30,0x00000000fa000000)
  to   space 85504K, 0% used [0x00000000fac80000,0x00000000fac80000,0x0000000100000000)
 ParOldGen       total 242688K, used 21464K [0x00000000a0000000, 0x00000000aed00000, 0x00000000e0000000)
  object space 242688K, 8% used [0x00000000a0000000,0x00000000a14f6298,0x00000000aed00000)
 Metaspace       used 62129K, capacity 63448K, committed 67416K, reserved 1107968K
  class space    used 7349K, capacity 7659K, committed 8320K, reserved 1048576K
Event: 5001.563 GC heap after
Heap after GC invocations=27 (full 5):
 PSYoungGen      total 432640K, used 56015K [0x00000000e0000000, 0x0000000100000000, 0x0000000100000000)
  eden space 347136K, 0% used [0x00000000e0000000,0x00000000e0000000,0x00000000f5300000)
  from space 85504K, 65% used [0x00000000fac80000,0x00000000fe333c60,0x0000000100000000)
  to   space 88576K, 0% used [0x00000000f5300000,0x00000000f5300000,0x00000000fa980000)
 ParOldGen       total 242688K, used 69150K [0x00000000a0000000, 0x00000000aed00000, 0x00000000e0000000)
  object space 242688K, 28% used [0x00000000a0000000,0x00000000a4387ab0,0x00000000aed00000)
 Metaspace       used 62129K, capacity 63448K, committed 67416K, reserved 1107968K
  class space    used 7349K, capacity 7659K, committed 8320K, reserved 1048576K
}
Event: 5508.832 GC heap before
{Heap before GC invocations=28 (full 5):
 PSYoungGen      total 432640K, used 403151K [0x00000000e0000000, 0x0000000100000000, 0x0000000100000000)
  eden space 347136K, 100% used [0x00000000e0000000,0x00000000f5300000,0x00000000f5300000)
  from space 85504K, 65% used [0x00000000fac80000,0x00000000fe333c60,0x0000000100000000)
  to   space 88576K, 0% used [0x00000000f5300000,0x00000000f5300000,0x00000000fa980000)
 ParOldGen       total 242688K, used 69150K [0x00000000a0000000, 0x00000000aed00000, 0x00000000e0000000)
  object space 242688K, 28% used [0x00000000a0000000,0x00000000a4387ab0,0x00000000aed00000)
 Metaspace       used 63977K, capacity 65580K, committed 67416K, reserved 1107968K
  class space    used 7504K, capacity 7893K, committed 8320K, reserved 1048576K
Event: 5508.922 GC heap after
Heap after GC invocations=28 (full 5):
 PSYoungGen      total 382976K, used 35677K [0x00000000e0000000, 0x00000000ff900000, 0x0000000100000000)
  eden space 347136K, 0% used [0x00000000e0000000,0x00000000e0000000,0x00000000f5300000)
  from space 35840K, 99% used [0x00000000f5300000,0x00000000f75d76e0,0x00000000f7600000)
  to   space 83456K, 0% used [0x00000000fa780000,0x00000000fa780000,0x00000000ff900000)
 ParOldGen       total 242688K, used 123667K [0x00000000a0000000, 0x00000000aed00000, 0x00000000e0000000)
  object space 242688K, 50% used [0x00000000a0000000,0x00000000a78c4e08,0x00000000aed00000)
 Metaspace       used 63977K, capacity 65580K, committed 67416K, reserved 1107968K
  class space    used 7504K, capacity 7893K, committed 8320K, reserved 1048576K
}
Event: 6123.272 GC heap before
{Heap before GC invocations=29 (full 5):
 PSYoungGen      total 382976K, used 382813K [0x00000000e0000000, 0x00000000ff900000, 0x0000000100000000)
  eden space 347136K, 100% used [0x00000000e0000000,0x00000000f5300000,0x00000000f5300000)
  from space 35840K, 99% used [0x00000000f5300000,0x00000000f75d76e0,0x00000000f7600000)
  to   space 83456K, 0% used [0x00000000fa780000,0x00000000fa780000,0x00000000ff900000)
 ParOldGen       total 242688K, used 123667K [0x00000000a0000000, 0x00000000aed00000, 0x00000000e0000000)
  object space 242688K, 50% used [0x00000000a0000000,0x00000000a78c4e08,0x00000000aed00000)
 Metaspace       used 66008K, capacity 68274K, committed 68440K, reserved 1110016K
  class space    used 7734K, capacity 8240K, committed 8320K, reserved 1048576K
Event: 6123.302 GC heap after
Heap after GC invocations=29 (full 5):
 PSYoungGen      total 435712K, used 18042K [0x00000000e0000000, 0x0000000100000000, 0x0000000100000000)
  eden space 352256K, 0% used [0x00000000e0000000,0x00000000e0000000,0x00000000f5800000)
  from space 83456K, 21% used [0x00000000fa780000,0x00000000fb91e9e8,0x00000000ff900000)
  to   space 81408K, 0% used [0x00000000f5800000,0x00000000f5800000,0x00000000fa780000)
 ParOldGen       total 242688K, used 145035K [0x00000000a0000000, 0x00000000aed00000, 0x00000000e0000000)
  object space 242688K, 59% used [0x00000000a0000000,0x00000000a8da2de8,0x00000000aed00000)
 Metaspace       used 66008K, capacity 68274K, committed 68440K, reserved 1110016K
  class space    used 7734K, capacity 8240K, committed 8320K, reserved 1048576K
}
Event: 6353.522 GC heap before
{Heap before GC invocations=30 (full 5):
 PSYoungGen      total 435712K, used 370298K [0x00000000e0000000, 0x0000000100000000, 0x0000000100000000)
  eden space 352256K, 100% used [0x00000000e0000000,0x00000000f5800000,0x00000000f5800000)
  from space 83456K, 21% used [0x00000000fa780000,0x00000000fb91e9e8,0x00000000ff900000)
  to   space 81408K, 0% used [0x00000000f5800000,0x00000000f5800000,0x00000000fa780000)
 ParOldGen       total 242688K, used 145035K [0x00000000a0000000, 0x00000000aed00000, 0x00000000e0000000)
  object space 242688K, 59% used [0x00000000a0000000,0x00000000a8da2de8,0x00000000aed00000)
 Metaspace       used 67897K, capacity 70492K, committed 70744K, reserved 1112064K
  class space    used 7955K, capacity 8483K, committed 8576K, reserved 1048576K
Event: 6353.555 GC heap after
Heap after GC invocations=30 (full 5):
 PSYoungGen      total 433664K, used 23554K [0x00000000e0000000, 0x00000000ff800000, 0x0000000100000000)
  eden space 352256K, 0% used [0x00000000e0000000,0x00000000e0000000,0x00000000f5800000)
  from space 81408K, 28% used [0x00000000f5800000,0x00000000f6f009e8,0x00000000fa780000)
  to   space 78336K, 0% used [0x00000000fab80000,0x00000000fab80000,0x00000000ff800000)
 ParOldGen       total 242688K, used 145043K [0x00000000a0000000, 0x00000000aed00000, 0x00000000e0000000)
  object space 242688K, 59% used [0x00000000a0000000,0x00000000a8da4de8,0x00000000aed00000)
 Metaspace       used 67897K, capacity 70492K, committed 70744K, reserved 1112064K
  class space    used 7955K, capacity 8483K, committed 8576K, reserved 1048576K
}
Event: 6779.773 GC heap before
{Heap before GC invocations=31 (full 5):
 PSYoungGen      total 433664K, used 375305K [0x00000000e0000000, 0x00000000ff800000, 0x0000000100000000)
  eden space 352256K, 99% used [0x00000000e0000000,0x00000000f5781c40,0x00000000f5800000)
  from space 81408K, 28% used [0x00000000f5800000,0x00000000f6f009e8,0x00000000fa780000)
  to   space 78336K, 0% used [0x00000000fab80000,0x00000000fab80000,0x00000000ff800000)
 ParOldGen       total 242688K, used 145043K [0x00000000a0000000, 0x00000000aed00000, 0x00000000e0000000)
  object space 242688K, 59% used [0x00000000a0000000,0x00000000a8da4de8,0x00000000aed00000)
 Metaspace       used 69861K, capacity 72848K, committed 73048K, reserved 1114112K
  class space    used 8169K, capacity 8765K, committed 8832K, reserved 1048576K
Event: 6779.819 GC heap after
Heap after GC invocations=31 (full 5):
 PSYoungGen      total 439808K, used 36187K [0x00000000e0000000, 0x00000000ff700000, 0x0000000100000000)
  eden space 362496K, 0% used [0x00000000e0000000,0x00000000e0000000,0x00000000f6200000)
  from space 77312K, 46% used [0x00000000fab80000,0x00000000fced6e20,0x00000000ff700000)
  to   space 75264K, 0% used [0x00000000f6200000,0x00000000f6200000,0x00000000fab80000)
 ParOldGen       total 242688K, used 145051K [0x00000000a0000000, 0x00000000aed00000, 0x00000000e0000000)
  object space 242688K, 59% used [0x00000000a0000000,0x00000000a8da6de8,0x00000000aed00000)
 Metaspace       used 69861K, capacity 72848K, committed 73048K, reserved 1114112K
  class space    used 8169K, capacity 8765K, committed 8832K, reserved 1048576K
}

